2024-05-01T19:18:51.923+0300	INFO	Started
2024-05-01T19:18:51.923+0300	DEBUG	Debug mode enabled
2024-05-01T19:18:51.923+0300	DEBUG	DSN connection database postgres://postgres:123456@127.0.0.1:5342/calendar_db
2024-05-01T19:18:51.923+0300	FATAL	../migrations directory does not exist
main.main
	/Users/sashaka/Projects/web-service-gin/cmd/main.go:27
runtime.main
	/opt/homebrew/Cellar/go/1.22.2/libexec/src/runtime/proc.go:271
2024-05-01T19:19:11.321+0300	INFO	Started
2024-05-01T19:19:11.322+0300	DEBUG	Debug mode enabled
2024-05-01T19:19:11.322+0300	DEBUG	DSN connection database postgres://postgres:123456@127.0.0.1:5342/calendar_db
2024-05-01T19:19:11.322+0300	FATAL	./migrations directory does not exist
main.main
	/Users/sashaka/Projects/web-service-gin/cmd/main.go:27
runtime.main
	/opt/homebrew/Cellar/go/1.22.2/libexec/src/runtime/proc.go:271
2024-05-01T19:19:29.884+0300	INFO	Started
2024-05-01T19:19:29.885+0300	DEBUG	Debug mode enabled
2024-05-01T19:19:29.885+0300	DEBUG	DSN connection database postgres://postgres:123456@127.0.0.1:5342/calendar_db
2024-05-01T19:19:29.885+0300	FATAL	migrations directory does not exist
main.main
	/Users/sashaka/Projects/web-service-gin/cmd/main.go:27
runtime.main
	/opt/homebrew/Cellar/go/1.22.2/libexec/src/runtime/proc.go:271
2024-05-01T19:30:15.203+0300	INFO	Started
2024-05-01T19:30:15.203+0300	DEBUG	Debug mode enabled
2024-05-01T19:30:15.203+0300	DEBUG	DSN connection database postgres://postgres:123456@127.0.0.1:5342/calendar_db
2024-05-01T19:30:15.203+0300	FATAL	./migrations directory does not exist
main.main
	/Users/sashaka/Projects/web-service-gin/cmd/main.go:27
runtime.main
	/opt/homebrew/Cellar/go/1.22.2/libexec/src/runtime/proc.go:271
2024-05-01T19:30:44.413+0300	INFO	Started
2024-05-01T19:30:44.413+0300	DEBUG	Debug mode enabled
2024-05-01T19:30:44.413+0300	DEBUG	DSN connection database postgres://postgres:123456@127.0.0.1:5342/calendar_db
2024-05-01T19:30:44.413+0300	FATAL	../../../migrations directory does not exist
main.main
	/Users/sashaka/Projects/web-service-gin/cmd/main.go:27
runtime.main
	/opt/homebrew/Cellar/go/1.22.2/libexec/src/runtime/proc.go:271
2024-05-01T19:31:01.890+0300	INFO	Started
2024-05-01T19:31:01.890+0300	DEBUG	Debug mode enabled
2024-05-01T19:31:01.890+0300	DEBUG	DSN connection database postgres://postgres:123456@127.0.0.1:5342/calendar_db
2024-05-01T19:31:01.890+0300	FATAL	../migrations directory does not exist
main.main
	/Users/sashaka/Projects/web-service-gin/cmd/main.go:27
runtime.main
	/opt/homebrew/Cellar/go/1.22.2/libexec/src/runtime/proc.go:271
2024-05-01T19:32:16.984+0300	INFO	Started
2024-05-01T19:32:16.985+0300	DEBUG	Debug mode enabled
2024-05-01T19:32:16.985+0300	DEBUG	DSN connection database postgres://postgres:123456@127.0.0.1:5342/calendar_db
2024-05-01T19:32:16.985+0300	FATAL	../../../migrations/ directory does not exist
main.main
	/Users/sashaka/Projects/web-service-gin/cmd/main.go:27
runtime.main
	/opt/homebrew/Cellar/go/1.22.2/libexec/src/runtime/proc.go:271
2024-05-01T19:32:42.400+0300	INFO	Started
2024-05-01T19:32:42.400+0300	DEBUG	Debug mode enabled
2024-05-01T19:32:42.400+0300	DEBUG	DSN connection database postgres://postgres:123456@127.0.0.1:5342/calendar_db
2024-05-01T19:32:42.400+0300	FATAL	../migrations/ directory does not exist
main.main
	/Users/sashaka/Projects/web-service-gin/cmd/main.go:27
runtime.main
	/opt/homebrew/Cellar/go/1.22.2/libexec/src/runtime/proc.go:271
2024-05-01T19:32:50.761+0300	INFO	Started
2024-05-01T19:32:50.761+0300	DEBUG	Debug mode enabled
2024-05-01T19:32:50.761+0300	DEBUG	DSN connection database postgres://postgres:123456@127.0.0.1:5342/calendar_db
2024-05-01T19:32:50.761+0300	FATAL	./migrations/ directory does not exist
main.main
	/Users/sashaka/Projects/web-service-gin/cmd/main.go:27
runtime.main
	/opt/homebrew/Cellar/go/1.22.2/libexec/src/runtime/proc.go:271
2024-05-01T19:38:47.721+0300	INFO	Started
2024-05-01T19:38:47.721+0300	DEBUG	Debug mode enabled
2024-05-01T19:38:47.721+0300	DEBUG	DSN connection database postgres://postgres:123456@127.0.0.1:5342/calendar_db
2024-05-01T19:38:47.721+0300	FATAL	../migrations/ directory does not exist
main.main
	/Users/sashaka/Projects/web-service-gin/cmd/main.go:27
runtime.main
	/opt/homebrew/Cellar/go/1.22.2/libexec/src/runtime/proc.go:271
2024-05-01T19:39:19.795+0300	INFO	Started
2024-05-01T19:39:19.795+0300	DEBUG	Debug mode enabled
2024-05-01T19:39:19.795+0300	DEBUG	DSN connection database postgres://postgres:123456@127.0.0.1:5342/calendar_db
2024-05-01T19:39:19.795+0300	FATAL	./../migrations/ directory does not exist
main.main
	/Users/sashaka/Projects/web-service-gin/cmd/main.go:27
runtime.main
	/opt/homebrew/Cellar/go/1.22.2/libexec/src/runtime/proc.go:271
2024-05-01T19:40:23.602+0300	INFO	Started
2024-05-01T19:40:23.602+0300	DEBUG	Debug mode enabled
2024-05-01T19:40:23.602+0300	DEBUG	DSN connection database postgres://postgres:123456@127.0.0.1:5342/calendar_db
2024-05-01T19:40:23.602+0300	FATAL	/Users/sashaka/Projects/web-service-gin/migrations/ directory does not exist
main.main
	/Users/sashaka/Projects/web-service-gin/cmd/main.go:27
runtime.main
	/opt/homebrew/Cellar/go/1.22.2/libexec/src/runtime/proc.go:271
2024-05-01T19:41:17.011+0300	INFO	Started
2024-05-01T19:41:17.011+0300	DEBUG	Debug mode enabled
2024-05-01T19:41:17.011+0300	DEBUG	DSN connection database postgres://postgres:123456@127.0.0.1:5342/calendar_db
2024-05-01T19:41:17.011+0300	FATAL	../../../migrations directory does not exist
main.main
	/Users/sashaka/Projects/web-service-gin/cmd/main.go:27
runtime.main
	/opt/homebrew/Cellar/go/1.22.2/libexec/src/runtime/proc.go:271
2024-05-01T19:41:36.393+0300	INFO	Started
2024-05-01T19:41:36.393+0300	DEBUG	Debug mode enabled
2024-05-01T19:41:36.393+0300	DEBUG	DSN connection database postgres://postgres:123456@127.0.0.1:5342/calendar_db
2024-05-01T19:41:36.393+0300	FATAL	../migrations directory does not exist
main.main
	/Users/sashaka/Projects/web-service-gin/cmd/main.go:27
runtime.main
	/opt/homebrew/Cellar/go/1.22.2/libexec/src/runtime/proc.go:271
2024-05-01T19:42:36.678+0300	INFO	Started
2024-05-01T19:42:36.678+0300	DEBUG	Debug mode enabled
2024-05-01T19:42:36.678+0300	DEBUG	DSN connection database postgres://postgres:123456@127.0.0.1:5342/calendar_db
2024-05-01T19:42:36.678+0300	FATAL	./../migrations directory does not exist
main.main
	/Users/sashaka/Projects/web-service-gin/cmd/main.go:27
runtime.main
	/opt/homebrew/Cellar/go/1.22.2/libexec/src/runtime/proc.go:271
2024-05-01T19:43:12.024+0300	INFO	Started
2024-05-01T19:43:12.024+0300	DEBUG	Debug mode enabled
2024-05-01T19:43:12.024+0300	DEBUG	DSN connection database postgres://postgres:123456@127.0.0.1:5342/calendar_db
2024-05-01T19:43:12.024+0300	FATAL	./../migrations directory does not exist
main.main
	/Users/sashaka/Projects/web-service-gin/cmd/main.go:27
runtime.main
	/opt/homebrew/Cellar/go/1.22.2/libexec/src/runtime/proc.go:271
2024-05-01T19:43:59.505+0300	INFO	Started
2024-05-01T19:43:59.505+0300	DEBUG	Debug mode enabled
2024-05-01T19:43:59.505+0300	DEBUG	DSN connection database postgres://postgres:123456@127.0.0.1:5342/calendar_db
2024-05-01T19:43:59.505+0300	FATAL	../migrations/ directory does not exist
main.main
	/Users/sashaka/Projects/web-service-gin/cmd/main.go:27
runtime.main
	/opt/homebrew/Cellar/go/1.22.2/libexec/src/runtime/proc.go:271
2024-05-01T19:44:45.239+0300	INFO	Started
2024-05-01T19:44:45.240+0300	DEBUG	Debug mode enabled
2024-05-01T19:44:45.240+0300	DEBUG	DSN connection database postgres://postgres:123456@127.0.0.1:5342/calendar_db
2024-05-01T19:44:45.240+0300	FATAL	migrations directory does not exist
main.main
	/Users/sashaka/Projects/web-service-gin/cmd/main.go:27
runtime.main
	/opt/homebrew/Cellar/go/1.22.2/libexec/src/runtime/proc.go:271
2024-05-01T19:44:55.359+0300	INFO	Started
2024-05-01T19:44:55.359+0300	DEBUG	Debug mode enabled
2024-05-01T19:44:55.359+0300	DEBUG	DSN connection database postgres://postgres:123456@127.0.0.1:5342/calendar_db
2024-05-01T19:44:55.359+0300	FATAL	migrations directory does not exist
main.main
	/Users/sashaka/Projects/web-service-gin/cmd/main.go:27
runtime.main
	/opt/homebrew/Cellar/go/1.22.2/libexec/src/runtime/proc.go:271
2024-05-01T19:45:00.415+0300	INFO	Started
2024-05-01T19:45:00.415+0300	DEBUG	Debug mode enabled
2024-05-01T19:45:00.415+0300	DEBUG	DSN connection database postgres://postgres:123456@127.0.0.1:5342/calendar_db
2024-05-01T19:45:00.415+0300	FATAL	./migrations directory does not exist
main.main
	/Users/sashaka/Projects/web-service-gin/cmd/main.go:27
runtime.main
	/opt/homebrew/Cellar/go/1.22.2/libexec/src/runtime/proc.go:271
2024-05-01T19:46:00.484+0300	INFO	Started
2024-05-01T19:46:00.485+0300	DEBUG	Debug mode enabled
2024-05-01T19:46:00.485+0300	DEBUG	DSN connection database postgres://postgres:123456@127.0.0.1:5342/calendar_db
2024-05-01T19:46:00.485+0300	FATAL	./migrations directory does not exist
main.main
	/Users/sashaka/Projects/web-service-gin/cmd/main.go:27
runtime.main
	/opt/homebrew/Cellar/go/1.22.2/libexec/src/runtime/proc.go:271
2024-05-01T19:46:11.413+0300	INFO	Started
2024-05-01T19:46:11.413+0300	DEBUG	Debug mode enabled
2024-05-01T19:46:11.413+0300	DEBUG	DSN connection database postgres://postgres:123456@127.0.0.1:5342/calendar_db
2024-05-01T19:46:11.413+0300	FATAL	migrations directory does not exist
main.main
	/Users/sashaka/Projects/web-service-gin/cmd/main.go:27
runtime.main
	/opt/homebrew/Cellar/go/1.22.2/libexec/src/runtime/proc.go:271
2024-05-01T19:47:09.730+0300	INFO	Started
2024-05-01T19:47:09.731+0300	DEBUG	Debug mode enabled
2024-05-01T19:47:09.731+0300	DEBUG	DSN connection database postgres://postgres:123456@127.0.0.1:5342/calendar_db
2024-05-01T19:47:09.731+0300	FATAL	../migrations/ directory does not exist
main.main
	/Users/sashaka/Projects/web-service-gin/cmd/main.go:27
runtime.main
	/opt/homebrew/Cellar/go/1.22.2/libexec/src/runtime/proc.go:271
2024-05-01T19:50:50.242+0300	INFO	Started
2024-05-01T19:50:50.243+0300	DEBUG	Debug mode enabled
2024-05-01T19:50:50.243+0300	DEBUG	DSN connection database postgres://postgres:123456@127.0.0.1:5342/calendar_db
2024-05-01T19:50:50.243+0300	FATAL	../migrations/ directory does not exist
main.main
	/Users/sashaka/Projects/web-service-gin/cmd/main.go:27
runtime.main
	/opt/homebrew/Cellar/go/1.22.2/libexec/src/runtime/proc.go:271
